/*C7*/SET SCHEMA PUBLIC
CREATE TABLE IF NOT EXISTS PERFIL (IDENTIFICADOR INTEGER NOT NULL GENERATED BY DEFAULT AS IDENTITY(START WITH 101, INCREMENT BY 1) ,DESCRICAO VARCHAR(100) NOT NULL, PRIMARY KEY(IDENTIFICADOR))
DISCONNECT
/*C8*/SET SCHEMA PUBLIC
CREATE TABLE IF NOT EXISTS ESTADO ( IDENTIFICADOR INTEGER NOT NULL GENERATED BY DEFAULT AS IDENTITY(START WITH 1, INCREMENT BY 1) ,DESCRICAO VARCHAR(100) NOT NULL,SIGLA VARCHAR(3) NOT NULL, PRIMARY KEY(IDENTIFICADOR))
DISCONNECT
/*C9*/SET SCHEMA PUBLIC
CREATE TABLE IF NOT EXISTS CIDADE ( IDENTIFICADOR INTEGER NOT NULL GENERATED BY DEFAULT AS IDENTITY(START WITH 1, INCREMENT BY 1) ,DESCRICAO VARCHAR(100) NOT NULL,IDENTIFICADOR_ESTADO INTEGER NOT NULL, PRIMARY KEY(IDENTIFICADOR), FOREIGN KEY(IDENTIFICADOR_ESTADO) REFERENCES ESTADO(IDENTIFICADOR))
DISCONNECT
/*C10*/SET SCHEMA PUBLIC
CREATE TABLE IF NOT EXISTS BAIRRO ( IDENTIFICADOR INTEGER NOT NULL GENERATED BY DEFAULT AS IDENTITY(START WITH 1, INCREMENT BY 1) ,DESCRICAO VARCHAR(100) NOT NULL,IDENTIFICADOR_CIDADE INTEGER NOT NULL, PRIMARY KEY(IDENTIFICADOR), FOREIGN KEY(IDENTIFICADOR_CIDADE) REFERENCES CIDADE(IDENTIFICADOR))
DISCONNECT
/*C11*/SET SCHEMA PUBLIC
CREATE TABLE IF NOT EXISTS LOGRADOURO ( IDENTIFICADOR INTEGER NOT NULL GENERATED BY DEFAULT AS IDENTITY(START WITH 1, INCREMENT BY 1) ,DESCRICAO VARCHAR(100) NOT NULL,IDENTIFICADOR_BAIRRO INTEGER NOT NULL, PRIMARY KEY(IDENTIFICADOR), FOREIGN KEY(IDENTIFICADOR_BAIRRO) REFERENCES BAIRRO(IDENTIFICADOR))
DISCONNECT
/*C12*/SET SCHEMA PUBLIC
CREATE TABLE IF NOT EXISTS CEP ( CEP INTEGER NOT NULL ,IDENTIFICADOR_LOGRADOURO INTEGER NOT NULL, PRIMARY KEY(CEP), FOREIGN KEY(IDENTIFICADOR_LOGRADOURO) REFERENCES LOGRADOURO(IDENTIFICADOR))
DISCONNECT
/*C13*/SET SCHEMA PUBLIC
CREATE TABLE IF NOT EXISTS TIPO_ENDERECO (IDENTIFICADOR INTEGER NOT NULL GENERATED BY DEFAULT AS IDENTITY(START WITH 1, INCREMENT BY 1) ,DESCRICAO VARCHAR(100) NOT NULL, PRIMARY KEY(IDENTIFICADOR))
DISCONNECT
/*C14*/SET SCHEMA PUBLIC
CREATE TABLE IF NOT EXISTS ENDERECO ( IDENTIFICADOR INTEGER NOT NULL GENERATED BY DEFAULT AS IDENTITY(START WITH 101, INCREMENT BY 1) ,CEP_CEP INTEGER NOT NULL, COMPLEMENTO VARCHAR(100) NOT NULL, NUMERO INTEGER NOT NULL, IDENTIFICADOR_TIPO_ENDERECO INTEGER NOT NULL,  PONTO_REFERENCIA VARCHAR(100) NOT NULL, PRIMARY KEY(IDENTIFICADOR), FOREIGN KEY(CEP_CEP) REFERENCES CEP(CEP), FOREIGN KEY(IDENTIFICADOR_TIPO_ENDERECO) REFERENCES TIPO_ENDERECO(IDENTIFICADOR))
DISCONNECT
/*C15*/SET SCHEMA PUBLIC
CREATE TABLE IF NOT EXISTS TIPO_TELEFONE (IDENTIFICADOR INTEGER NOT NULL GENERATED BY DEFAULT AS IDENTITY(START WITH 1, INCREMENT BY 1) ,DESCRICAO VARCHAR(50) NOT NULL, PRIMARY KEY(IDENTIFICADOR))
DISCONNECT
/*C16*/SET SCHEMA PUBLIC
CREATE TABLE IF NOT EXISTS TELEFONE ( IDENTIFICADOR INTEGER NOT NULL GENERATED BY DEFAULT AS IDENTITY(START WITH 1, INCREMENT BY 1) ,DDD INTEGER NOT NULL, NUMERO VARCHAR(20) NOT NULL, IDENTIFICADOR_TIPO_TELEFONE INTEGER NOT NULL,  PRIMARY KEY(IDENTIFICADOR), FOREIGN KEY(IDENTIFICADOR_TIPO_TELEFONE) REFERENCES TIPO_TELEFONE(IDENTIFICADOR))
DISCONNECT
/*C17*/SET SCHEMA PUBLIC
CREATE TABLE IF NOT EXISTS CARGO (IDENTIFICADOR INTEGER NOT NULL GENERATED BY DEFAULT AS IDENTITY(START WITH 101, INCREMENT BY 1) ,DESCRICAO VARCHAR(50) NOT NULL, ATIVO BOOLEAN DEFAULT TRUE NOT NULL, PRIMARY KEY(IDENTIFICADOR))
DISCONNECT
/*C18*/SET SCHEMA PUBLIC
CREATE TABLE IF NOT EXISTS USUARIO ( IDENTIFICADOR INTEGER NOT NULL GENERATED BY DEFAULT AS IDENTITY(START WITH 101, INCREMENT BY 1) ,NOME VARCHAR(100) NOT NULL, CPF_CNPJ VARCHAR(20) NOT NULL, SEXO VARCHAR(1) NOT NULL, DATA_NASCIMENTO DATE NOT NULL, USERNAME VARCHAR(20) NOT NULL, SENHA VARCHAR(150) NOT NULL, ATIVO BOOLEAN DEFAULT TRUE NOT NULL, IDENTIFICADOR_PERFIL INTEGER NOT NULL, DATA_CADASTRO DATE NOT NULL, PRIMARY KEY(IDENTIFICADOR), FOREIGN KEY(IDENTIFICADOR_PERFIL) REFERENCES PERFIL(IDENTIFICADOR))
DISCONNECT
/*C19*/SET SCHEMA PUBLIC
CREATE TABLE IF NOT EXISTS USUARIO_TELEFONE ( IDENTIFICADOR INTEGER NOT NULL GENERATED BY DEFAULT AS IDENTITY(START WITH 1, INCREMENT BY 1) ,IDENTIFICADOR_USUARIO INTEGER NOT NULL, IDENTIFICADOR_TELEFONE INTEGER NOT NULL, PRIMARY KEY(IDENTIFICADOR), FOREIGN KEY(IDENTIFICADOR_USUARIO) REFERENCES USUARIO(IDENTIFICADOR), FOREIGN KEY(IDENTIFICADOR_TELEFONE) REFERENCES TELEFONE(IDENTIFICADOR))
DISCONNECT
/*C20*/SET SCHEMA PUBLIC
CREATE TABLE IF NOT EXISTS USUARIO_ENDERECO ( IDENTIFICADOR INTEGER NOT NULL GENERATED BY DEFAULT AS IDENTITY(START WITH 1, INCREMENT BY 1) ,IDENTIFICADOR_USUARIO INTEGER NOT NULL, IDENTIFICADOR_ENDERECO INTEGER NOT NULL, PRIMARY KEY(IDENTIFICADOR), FOREIGN KEY(IDENTIFICADOR_USUARIO) REFERENCES USUARIO(IDENTIFICADOR), FOREIGN KEY(IDENTIFICADOR_ENDERECO) REFERENCES ENDERECO(IDENTIFICADOR))
DISCONNECT
/*C21*/SET SCHEMA PUBLIC
CREATE TABLE IF NOT EXISTS FUNCIONARIO ( MATRICULA INTEGER NOT NULL GENERATED BY DEFAULT AS IDENTITY(START WITH 1000, INCREMENT BY 10) ,IDENTIFICADOR_CARGO INTEGER NOT NULL, DATA_ADMISSAO DATE NOT NULL, IDENTIFICADOR_USUARIO INTEGER NOT NULL, DATA_DESLIGAMENTO DATE, PRIMARY KEY(MATRICULA), FOREIGN KEY(IDENTIFICADOR_CARGO) REFERENCES CARGO(IDENTIFICADOR), FOREIGN KEY(IDENTIFICADOR_USUARIO) REFERENCES USUARIO(IDENTIFICADOR))
DISCONNECT
/*C22*/SET SCHEMA PUBLIC
DISCONNECT
/*C23*/SET SCHEMA PUBLIC
DISCONNECT
/*C24*/SET SCHEMA PUBLIC
DISCONNECT
/*C25*/SET SCHEMA PUBLIC
DISCONNECT
/*C26*/SET SCHEMA PUBLIC
DISCONNECT
/*C27*/SET SCHEMA PUBLIC
DISCONNECT
/*C28*/SET SCHEMA PUBLIC
DISCONNECT
/*C29*/SET SCHEMA PUBLIC
DISCONNECT
/*C30*/SET SCHEMA PUBLIC
DISCONNECT
/*C31*/SET SCHEMA PUBLIC
DISCONNECT
/*C32*/SET SCHEMA PUBLIC
DISCONNECT
/*C33*/SET SCHEMA PUBLIC
DISCONNECT
/*C34*/SET SCHEMA PUBLIC
DISCONNECT
/*C35*/SET SCHEMA PUBLIC
DISCONNECT
/*C36*/SET SCHEMA PUBLIC
DISCONNECT
/*C37*/SET SCHEMA PUBLIC
DISCONNECT
